<?xml version="1.0" encoding="UTF-8"?>
<!-- Generated by org.testng.reporters.JUnitReportReporter -->
<testsuite hostname="DESKTOP-U9KQ8EL" failures="0" tests="4" name="testCases.JavascriptAlertValidation" time="152.306" errors="0" timestamp="2022-04-24T00:13:15 IST" skipped="0">
  <testcase classname="testCases.JavascriptAlertValidation" name="jsAlertValidation" time="31.429"/>
  <system-out/>
  <testcase classname="testCases.JavascriptAlertValidation" name="jsAlertValidation" time="34.106"/>
  <system-out/>
  <testcase classname="testCases.JavascriptAlertValidation" name="jsAlertValidation" time="42.265"/>
  <system-out/>
  <testcase classname="testCases.JavascriptAlertValidation" name="jsAlertValidation" time="44.506"/>
  <system-out/>
</testsuite> <!-- testCases.JavascriptAlertValidation -->
