<?xml version="1.0" encoding="UTF-8"?>
<!-- Generated by org.testng.reporters.JUnitReportReporter -->
<testsuite hostname="DESKTOP-U9KQ8EL" failures="0" tests="4" name="testCases.PageTitleValidation" time="140.391" errors="0" timestamp="2022-04-24T00:13:15 IST" skipped="0">
  <testcase classname="testCases.PageTitleValidation" name="pageTitleValidation" time="10.880"/>
  <system-out/>
  <testcase classname="testCases.PageTitleValidation" name="pageTitleValidation" time="11.506"/>
  <system-out/>
  <testcase classname="testCases.PageTitleValidation" name="pageTitleValidation" time="58.704"/>
  <system-out/>
  <testcase classname="testCases.PageTitleValidation" name="pageTitleValidation" time="59.301"/>
  <system-out/>
</testsuite> <!-- testCases.PageTitleValidation -->
