<?xml version="1.0" encoding="UTF-8"?>
<!-- Generated by org.testng.reporters.JUnitReportReporter -->
<testsuite hostname="DESKTOP-U9KQ8EL" failures="0" tests="4" name="testCases.PageTitleValidation" time="86.340" errors="0" timestamp="2022-04-23T22:59:13 IST" skipped="0">
  <testcase classname="testCases.PageTitleValidation" name="pageTitleValidation" time="29.222"/>
  <system-out/>
  <testcase classname="testCases.PageTitleValidation" name="pageTitleValidation" time="20.817"/>
  <system-out/>
  <testcase classname="testCases.PageTitleValidation" name="pageTitleValidation" time="23.785"/>
  <system-out/>
  <testcase classname="testCases.PageTitleValidation" name="pageTitleValidation" time="12.516"/>
  <system-out/>
</testsuite> <!-- testCases.PageTitleValidation -->
