<?xml version="1.0" encoding="UTF-8"?>
<!-- Generated by org.testng.reporters.JUnitReportReporter -->
<testsuite hostname="DESKTOP-U9KQ8EL" failures="0" tests="4" name="testCases.CheckboxClick" time="119.449" errors="0" timestamp="2022-04-24T01:32:20 IST" skipped="0">
  <testcase classname="testCases.CheckboxClick" name="checkboxValidation" time="26.304"/>
  <system-out/>
  <testcase classname="testCases.CheckboxClick" name="checkboxValidation" time="24.813"/>
  <system-out/>
  <testcase classname="testCases.CheckboxClick" name="checkboxValidation" time="53.718"/>
  <system-out/>
  <testcase classname="testCases.CheckboxClick" name="checkboxValidation" time="14.614"/>
  <system-out/>
</testsuite> <!-- testCases.CheckboxClick -->
