<?xml version="1.0" encoding="UTF-8"?>
<!-- Generated by org.testng.reporters.JUnitReportReporter -->
<testsuite hostname="DESKTOP-U9KQ8EL" failures="0" tests="4" name="testCases.PageTitleValidation" time="120.033" errors="0" timestamp="2022-04-24T01:32:20 IST" skipped="0">
  <testcase classname="testCases.PageTitleValidation" name="pageTitleValidation" time="10.936"/>
  <system-out/>
  <testcase classname="testCases.PageTitleValidation" name="pageTitleValidation" time="27.559"/>
  <system-out/>
  <testcase classname="testCases.PageTitleValidation" name="pageTitleValidation" time="62.606"/>
  <system-out/>
  <testcase classname="testCases.PageTitleValidation" name="pageTitleValidation" time="18.932"/>
  <system-out/>
</testsuite> <!-- testCases.PageTitleValidation -->
